app/build/intermediates/manifest_merge_blame_file/debug/manifest-merger-blame-debug-report.txt
1<?xml version="1.0" encoding="utf-8"?>
2<manifest xmlns:android="http://schemas.android.com/apk/res/android"
3    package="com.xingdhl.www.storehelper"
4    android:versionCode="100"
5    android:versionName="V1.00 (2020-02-06)" >
6
7    <uses-sdk
8        android:minSdkVersion="19"
8-->src\main\AndroidManifest.xml
9        android:targetSdkVersion="29" />
9-->src\main\AndroidManifest.xml
10
11    <!-- 用于访问网络，网络定位需要上网 -->
12    <uses-permission android:name="android.permission.INTERNET" />
12-->src\main\AndroidManifest.xml:6:5-66
12-->src\main\AndroidManifest.xml:6:22-64
13    <!-- 获取手机录音机使用权限，听写、识别、语义理解需要用到此权限 -->
14    <uses-permission android:name="android.permission.RECORD_AUDIO" />
14-->src\main\AndroidManifest.xml:8:5-70
14-->src\main\AndroidManifest.xml:8:22-68
15    <!-- 用于进行网络定位 -->
16    <uses-permission android:name="android.permission.ACCESS_COARSE_LOCATION" />
16-->src\main\AndroidManifest.xml:10:5-80
16-->src\main\AndroidManifest.xml:10:22-78
17    <!-- 用于访问GPS定位 -->
18    <uses-permission android:name="android.permission.ACCESS_FINE_LOCATION" />
18-->src\main\AndroidManifest.xml:12:5-78
18-->src\main\AndroidManifest.xml:12:22-76
19    <!-- 用于获取运营商信息，用于支持提供运营商信息相关的接口 -->
20    <uses-permission android:name="android.permission.ACCESS_NETWORK_STATE" />
20-->src\main\AndroidManifest.xml:14:5-78
20-->src\main\AndroidManifest.xml:14:22-76
21    <!-- 允许程序改变网络连接状态 -->
22    <uses-permission android:name="android.permission.CHANGE_NETWORK_STATE" />
22-->src\main\AndroidManifest.xml:16:5-78
22-->src\main\AndroidManifest.xml:16:22-76
23    <!-- 用于访问wifi网络信息，wifi信息会用于进行网络定位 -->
24    <uses-permission android:name="android.permission.ACCESS_WIFI_STATE" />
24-->src\main\AndroidManifest.xml:18:5-75
24-->src\main\AndroidManifest.xml:18:22-73
25    <!-- 用于获取wifi的获取权限，wifi信息会用来进行网络定位 -->
26    <uses-permission android:name="android.permission.CHANGE_WIFI_STATE" />
26-->src\main\AndroidManifest.xml:20:5-75
26-->src\main\AndroidManifest.xml:20:22-73
27    <!-- 用于读取手机当前的状态 -->
28    <uses-permission android:name="android.permission.READ_PHONE_STATE" />
28-->src\main\AndroidManifest.xml:22:5-74
28-->src\main\AndroidManifest.xml:22:22-72
29    <!-- 用于读/写入缓存数据到扩展存储卡 -->
30    <uses-permission android:name="android.permission.WRITE_EXTERNAL_STORAGE" />
30-->src\main\AndroidManifest.xml:24:5-80
30-->src\main\AndroidManifest.xml:24:22-78
31    <uses-permission android:name="android.permission.READ_EXTERNAL_STORAGE" />
31-->src\main\AndroidManifest.xml:25:5-79
31-->src\main\AndroidManifest.xml:25:22-77
32    <!-- 用于申请调用A-GPS模块 -->
33    <uses-permission android:name="android.permission.ACCESS_LOCATION_EXTRA_COMMANDS" />
33-->src\main\AndroidManifest.xml:27:5-88
33-->src\main\AndroidManifest.xml:27:22-86
34    <!-- 用于申请获取蓝牙信息进行室内定位 -->
35    <uses-permission android:name="android.permission.BLUETOOTH" />
35-->src\main\AndroidManifest.xml:29:5-67
35-->src\main\AndroidManifest.xml:29:22-65
36    <uses-permission android:name="android.permission.BLUETOOTH_ADMIN" />
36-->src\main\AndroidManifest.xml:30:5-73
36-->src\main\AndroidManifest.xml:30:22-71
37    <uses-permission android:name="android.permission.DOWNLOAD_WITHOUT_NOTIFICATION" />
37-->src\main\AndroidManifest.xml:31:5-87
37-->src\main\AndroidManifest.xml:31:22-85
38    <uses-permission android:name="android.permission.CAMERA" />
38-->[:zxinglibrary] AndroidManifest.xml:18:5-65
38-->[:zxinglibrary] AndroidManifest.xml:18:22-62
39    <uses-permission android:name="android.permission.VIBRATE" />
39-->[:zxinglibrary] AndroidManifest.xml:19:5-66
39-->[:zxinglibrary] AndroidManifest.xml:19:22-63
40
41    <application
41-->src\main\AndroidManifest.xml:33:5-160:19
42        android:name="com.xingdhl.www.storehelper.DbsApplication"
42-->src\main\AndroidManifest.xml:36:9-66
43        android:allowBackup="true"
43-->src\main\AndroidManifest.xml:34:9-35
44        android:debuggable="true"
45        android:icon="@drawable/app_icon"
45-->src\main\AndroidManifest.xml:35:9-42
46        android:label="@string/app_name"
46-->src\main\AndroidManifest.xml:37:9-41
47        android:roundIcon="@drawable/app_icon"
47-->src\main\AndroidManifest.xml:38:9-47
48        android:supportsRtl="true"
48-->src\main\AndroidManifest.xml:39:9-35
49        android:testOnly="true"
50        android:theme="@style/AppTheme" >
50-->src\main\AndroidManifest.xml:40:9-40
51        <provider
51-->src\main\AndroidManifest.xml:41:9-49:20
52            android:name="android.support.v4.content.FileProvider"
52-->src\main\AndroidManifest.xml:42:13-67
53            android:authorities="com.xingdhl.www.storehelper.fileprovider"
53-->src\main\AndroidManifest.xml:43:13-75
54            android:exported="false"
54-->src\main\AndroidManifest.xml:44:13-37
55            android:grantUriPermissions="true" >
55-->src\main\AndroidManifest.xml:45:13-47
56            <meta-data
56-->src\main\AndroidManifest.xml:46:13-48:57
57                android:name="android.support.FILE_PROVIDER_PATHS"
57-->src\main\AndroidManifest.xml:47:17-67
58                android:resource="@xml/provider_paths" />
58-->src\main\AndroidManifest.xml:48:17-55
59        </provider>
60
61        <!-- 高德地图开发API Key 及地图服务 -->
62        <meta-data
62-->src\main\AndroidManifest.xml:52:9-54:63
63            android:name="com.amap.api.v2.apikey"
63-->src\main\AndroidManifest.xml:53:13-50
64            android:value="bc2adf211670cc05f823ceb7b7a59cea" />
64-->src\main\AndroidManifest.xml:54:13-61
65
66        <service android:name="com.amap.api.location.APSService" />
66-->src\main\AndroidManifest.xml:56:9-67
66-->src\main\AndroidManifest.xml:56:18-65
67        <service
67-->src\main\AndroidManifest.xml:57:9-59:37
68            android:name="com.xingdhl.www.storehelper.webservice.UpdateService"
68-->src\main\AndroidManifest.xml:58:13-80
69            android:enabled="true" />
69-->src\main\AndroidManifest.xml:59:13-35
70
71        <activity
71-->src\main\AndroidManifest.xml:61:9-69:20
72            android:name="com.xingdhl.www.storehelper.WelcomeActivity"
72-->src\main\AndroidManifest.xml:62:13-71
73            android:screenOrientation="portrait" >
73-->src\main\AndroidManifest.xml:63:13-49
74            <intent-filter>
74-->src\main\AndroidManifest.xml:64:13-68:29
75                <action android:name="android.intent.action.MAIN" />
75-->src\main\AndroidManifest.xml:65:17-68
75-->src\main\AndroidManifest.xml:65:25-66
76
77                <category android:name="android.intent.category.LAUNCHER" />
77-->src\main\AndroidManifest.xml:67:17-76
77-->src\main\AndroidManifest.xml:67:27-74
78            </intent-filter>
79        </activity>
80        <activity
80-->src\main\AndroidManifest.xml:70:9-73:20
81            android:name="com.xingdhl.www.storehelper.user.UserRegisterActivity"
81-->src\main\AndroidManifest.xml:71:13-81
82            android:screenOrientation="portrait" >
82-->src\main\AndroidManifest.xml:72:13-49
83        </activity>
84        <activity
84-->src\main\AndroidManifest.xml:74:9-77:20
85            android:name="com.xingdhl.www.storehelper.user.UserLoginActivity"
85-->src\main\AndroidManifest.xml:75:13-78
86            android:screenOrientation="portrait" >
86-->src\main\AndroidManifest.xml:76:13-49
87        </activity>
88        <activity android:name="com.xingdhl.www.storehelper.user.ResetPasswordActivity" >
88-->src\main\AndroidManifest.xml:78:9-79:20
88-->src\main\AndroidManifest.xml:78:19-88
89        </activity>
90        <activity
90-->src\main\AndroidManifest.xml:80:9-83:20
91            android:name="com.xingdhl.www.storehelper.store.CreateStoreActivity"
91-->src\main\AndroidManifest.xml:81:13-81
92            android:screenOrientation="portrait" >
92-->src\main\AndroidManifest.xml:82:13-49
93        </activity>
94        <activity
94-->src\main\AndroidManifest.xml:84:9-87:20
95            android:name="com.xingdhl.www.storehelper.user.SupplierManageActivity"
95-->src\main\AndroidManifest.xml:85:13-83
96            android:screenOrientation="portrait" >
96-->src\main\AndroidManifest.xml:86:13-49
97        </activity>
98        <activity
98-->src\main\AndroidManifest.xml:88:9-91:20
99            android:name="com.xingdhl.www.storehelper.user.SupplierEditActivity"
99-->src\main\AndroidManifest.xml:89:13-81
100            android:screenOrientation="portrait" >
100-->src\main\AndroidManifest.xml:90:13-49
101        </activity>
102        <activity
102-->src\main\AndroidManifest.xml:92:9-96:20
103            android:name="com.xingdhl.www.storehelper.trading.TradingActivity"
103-->src\main\AndroidManifest.xml:93:13-79
104            android:screenOrientation="portrait"
104-->src\main\AndroidManifest.xml:94:13-49
105            android:windowSoftInputMode="adjustPan" >
105-->src\main\AndroidManifest.xml:95:13-52
106        </activity>
107        <activity
107-->src\main\AndroidManifest.xml:97:9-101:20
108            android:name="com.xingdhl.www.storehelper.store.PurchaseActivity"
108-->src\main\AndroidManifest.xml:98:13-78
109            android:screenOrientation="portrait"
109-->src\main\AndroidManifest.xml:99:13-49
110            android:windowSoftInputMode="adjustPan" >
110-->src\main\AndroidManifest.xml:100:13-52
111        </activity>
112        <activity
112-->src\main\AndroidManifest.xml:102:9-106:20
113            android:name="com.xingdhl.www.storehelper.store.GoodsInputActivity"
113-->src\main\AndroidManifest.xml:103:13-80
114            android:screenOrientation="portrait"
114-->src\main\AndroidManifest.xml:104:13-49
115            android:windowSoftInputMode="adjustPan" >
115-->src\main\AndroidManifest.xml:105:13-52
116        </activity>
117        <activity
117-->src\main\AndroidManifest.xml:107:9-111:20
118            android:name="com.xingdhl.www.storehelper.store.StorageManageActivity"
118-->src\main\AndroidManifest.xml:108:13-83
119            android:screenOrientation="portrait"
119-->src\main\AndroidManifest.xml:109:13-49
120            android:windowSoftInputMode="adjustPan" >
120-->src\main\AndroidManifest.xml:110:13-52
121        </activity>
122        <activity
122-->src\main\AndroidManifest.xml:112:9-115:20
123            android:name="com.xingdhl.www.storehelper.store.StorageEditActivity"
123-->src\main\AndroidManifest.xml:113:13-81
124            android:screenOrientation="portrait" >
124-->src\main\AndroidManifest.xml:114:13-49
125        </activity>
126        <activity
126-->src\main\AndroidManifest.xml:116:9-119:20
127            android:name="com.xingdhl.www.storehelper.AboutActivity"
127-->src\main\AndroidManifest.xml:117:13-69
128            android:screenOrientation="portrait" >
128-->src\main\AndroidManifest.xml:118:13-49
129        </activity>
130        <activity
130-->src\main\AndroidManifest.xml:120:9-123:20
131            android:name="com.xingdhl.www.storehelper.user.ClerkManageActivity"
131-->src\main\AndroidManifest.xml:121:13-80
132            android:screenOrientation="portrait" >
132-->src\main\AndroidManifest.xml:122:13-49
133        </activity>
134        <activity
134-->src\main\AndroidManifest.xml:124:9-127:20
135            android:name="com.xingdhl.www.storehelper.user.ClerkEditActivity"
135-->src\main\AndroidManifest.xml:125:13-78
136            android:screenOrientation="portrait" >
136-->src\main\AndroidManifest.xml:126:13-49
137        </activity>
138        <activity
138-->src\main\AndroidManifest.xml:128:9-131:20
139            android:name="com.xingdhl.www.storehelper.trading.SalesAnalysisActivity"
139-->src\main\AndroidManifest.xml:129:13-85
140            android:screenOrientation="portrait" >
140-->src\main\AndroidManifest.xml:130:13-49
141        </activity>
142        <activity
142-->src\main\AndroidManifest.xml:132:9-135:20
143            android:name="com.xingdhl.www.storehelper.trading.CalenderActivity"
143-->src\main\AndroidManifest.xml:133:13-80
144            android:screenOrientation="portrait" >
144-->src\main\AndroidManifest.xml:134:13-49
145        </activity>
146        <activity
146-->src\main\AndroidManifest.xml:136:9-139:20
147            android:name="com.xingdhl.www.storehelper.user.StoreOwnerActivity"
147-->src\main\AndroidManifest.xml:137:13-79
148            android:screenOrientation="portrait" >
148-->src\main\AndroidManifest.xml:138:13-49
149        </activity>
150        <activity
150-->src\main\AndroidManifest.xml:140:9-143:20
151            android:name="com.xingdhl.www.storehelper.user.UserInfomationActivity"
151-->src\main\AndroidManifest.xml:141:13-83
152            android:screenOrientation="portrait" >
152-->src\main\AndroidManifest.xml:142:13-49
153        </activity>
154        <activity
154-->src\main\AndroidManifest.xml:144:9-147:20
155            android:name="com.xingdhl.www.storehelper.user.ModifyPwdActivity"
155-->src\main\AndroidManifest.xml:145:13-78
156            android:screenOrientation="portrait" >
156-->src\main\AndroidManifest.xml:146:13-49
157        </activity>
158        <activity
158-->src\main\AndroidManifest.xml:148:9-151:20
159            android:name="com.xingdhl.www.storehelper.store.StoreEditActivity"
159-->src\main\AndroidManifest.xml:149:13-79
160            android:screenOrientation="portrait" >
160-->src\main\AndroidManifest.xml:150:13-49
161        </activity>
162        <activity
162-->src\main\AndroidManifest.xml:152:9-155:20
163            android:name="com.xingdhl.www.storehelper.store.PurchaseReviewActivity"
163-->src\main\AndroidManifest.xml:153:13-84
164            android:screenOrientation="portrait" >
164-->src\main\AndroidManifest.xml:154:13-49
165        </activity>
166        <activity android:name="com.xingdhl.www.storehelper.utility.ScanBardcodeActivity" >
166-->src\main\AndroidManifest.xml:156:9-157:20
166-->src\main\AndroidManifest.xml:156:19-90
167        </activity>
168        <activity android:name="com.xingdhl.www.storehelper.trading.PaymentActivity" >
168-->src\main\AndroidManifest.xml:158:9-159:20
168-->src\main\AndroidManifest.xml:158:19-85
169        </activity>
170    </application>
171
172</manifest>